<?xml version="1.0" encoding="UTF-8"?>
<!-- Generated by org.testng.reporters.JUnitReportReporter -->
<testsuite skipped="0" hostname="DESKTOP-8514C0N" name="Assignment1.Task4" tests="1" failures="0" timestamp="2020-05-11T13:10:49 IST" time="13.299" errors="0">
  <testcase name="test4" time="13.299" classname="Assignment1.Task4"/>
  <system-out/>
</testsuite> <!-- Assignment1.Task4 -->
